  [1m[35m (11628.4ms)[0m  [1m[35mCREATE DATABASE "boz_development" ENCODING = 'unicode'[0m
  [1m[35m (9165.9ms)[0m  [1m[35mCREATE DATABASE "boz_test" ENCODING = 'unicode'[0m
Started GET "/" for ::1 at 2022-05-12 22:19:35 -0400
  [1m[35m (800.4ms)[0m  [1m[35mCREATE TABLE "schema_migrations" ("version" character varying NOT NULL PRIMARY KEY)[0m
  [1m[35m (218.5ms)[0m  [1m[35mCREATE TABLE "ar_internal_metadata" ("key" character varying NOT NULL PRIMARY KEY, "value" character varying, "created_at" timestamp(6) NOT NULL, "updated_at" timestamp(6) NOT NULL)[0m
  [1m[36mActiveRecord::SchemaMigration Pluck (3.0ms)[0m  [1m[34mSELECT "schema_migrations"."version" FROM "schema_migrations" ORDER BY "schema_migrations"."version" ASC[0m
  
ActiveRecord::PendingMigrationError (

Migrations are pending. To resolve this issue, run:

        bin/rails db:migrate RAILS_ENV=development

You have 1 pending migration:

20220513021848_create_products.rb


):
  
activerecord (7.0.3) lib/active_record/migration.rb:627:in `check_pending!'
activerecord (7.0.3) lib/active_record/migration.rb:592:in `block (2 levels) in call'
activesupport (7.0.3) lib/active_support/file_update_checker.rb:83:in `execute'
activerecord (7.0.3) lib/active_record/migration.rb:597:in `block in call'
activerecord (7.0.3) lib/active_record/migration.rb:589:in `synchronize'
activerecord (7.0.3) lib/active_record/migration.rb:589:in `call'
actionpack (7.0.3) lib/action_dispatch/middleware/callbacks.rb:27:in `block in call'
activesupport (7.0.3) lib/active_support/callbacks.rb:99:in `run_callbacks'
actionpack (7.0.3) lib/action_dispatch/middleware/callbacks.rb:26:in `call'
actionpack (7.0.3) lib/action_dispatch/middleware/executor.rb:14:in `call'
actionpack (7.0.3) lib/action_dispatch/middleware/actionable_exceptions.rb:17:in `call'
actionpack (7.0.3) lib/action_dispatch/middleware/debug_exceptions.rb:28:in `call'
web-console (4.2.0) lib/web_console/middleware.rb:132:in `call_app'
web-console (4.2.0) lib/web_console/middleware.rb:28:in `block in call'
web-console (4.2.0) lib/web_console/middleware.rb:17:in `catch'
web-console (4.2.0) lib/web_console/middleware.rb:17:in `call'
actionpack (7.0.3) lib/action_dispatch/middleware/show_exceptions.rb:26:in `call'
railties (7.0.3) lib/rails/rack/logger.rb:40:in `call_app'
railties (7.0.3) lib/rails/rack/logger.rb:25:in `block in call'
activesupport (7.0.3) lib/active_support/tagged_logging.rb:114:in `block in tagged'
activesupport (7.0.3) lib/active_support/tagged_logging.rb:38:in `tagged'
activesupport (7.0.3) lib/active_support/tagged_logging.rb:114:in `tagged'
railties (7.0.3) lib/rails/rack/logger.rb:25:in `call'
sprockets-rails (3.4.2) lib/sprockets/rails/quiet_assets.rb:13:in `call'
actionpack (7.0.3) lib/action_dispatch/middleware/remote_ip.rb:93:in `call'
actionpack (7.0.3) lib/action_dispatch/middleware/request_id.rb:26:in `call'
rack (2.2.3) lib/rack/method_override.rb:24:in `call'
rack (2.2.3) lib/rack/runtime.rb:22:in `call'
activesupport (7.0.3) lib/active_support/cache/strategy/local_cache_middleware.rb:29:in `call'
actionpack (7.0.3) lib/action_dispatch/middleware/server_timing.rb:20:in `call'
actionpack (7.0.3) lib/action_dispatch/middleware/executor.rb:14:in `call'
actionpack (7.0.3) lib/action_dispatch/middleware/static.rb:23:in `call'
rack (2.2.3) lib/rack/sendfile.rb:110:in `call'
actionpack (7.0.3) lib/action_dispatch/middleware/host_authorization.rb:137:in `call'
railties (7.0.3) lib/rails/engine.rb:530:in `call'
puma (5.6.4) lib/puma/configuration.rb:252:in `call'
puma (5.6.4) lib/puma/request.rb:77:in `block in handle_request'
puma (5.6.4) lib/puma/thread_pool.rb:340:in `with_force_shutdown'
puma (5.6.4) lib/puma/request.rb:76:in `handle_request'
puma (5.6.4) lib/puma/server.rb:441:in `process_client'
puma (5.6.4) lib/puma/thread_pool.rb:147:in `block in spawn_thread'
Started GET "/" for ::1 at 2022-05-12 22:20:51 -0400
  [1m[36mActiveRecord::SchemaMigration Pluck (0.6ms)[0m  [1m[34mSELECT "schema_migrations"."version" FROM "schema_migrations" ORDER BY "schema_migrations"."version" ASC[0m
  [1m[36mCACHE ActiveRecord::SchemaMigration Pluck (0.0ms)[0m  [1m[34mSELECT "schema_migrations"."version" FROM "schema_migrations" ORDER BY "schema_migrations"."version" ASC[0m
  
ActiveRecord::PendingMigrationError (

Migrations are pending. To resolve this issue, run:

        bin/rails db:migrate RAILS_ENV=development

You have 1 pending migration:

20220513021848_create_products.rb


):
  
activerecord (7.0.3) lib/active_record/migration.rb:627:in `check_pending!'
activerecord (7.0.3) lib/active_record/migration.rb:592:in `block (2 levels) in call'
activesupport (7.0.3) lib/active_support/file_update_checker.rb:83:in `execute'
activerecord (7.0.3) lib/active_record/migration.rb:597:in `block in call'
activerecord (7.0.3) lib/active_record/migration.rb:589:in `synchronize'
activerecord (7.0.3) lib/active_record/migration.rb:589:in `call'
actionpack (7.0.3) lib/action_dispatch/middleware/callbacks.rb:27:in `block in call'
activesupport (7.0.3) lib/active_support/callbacks.rb:99:in `run_callbacks'
actionpack (7.0.3) lib/action_dispatch/middleware/callbacks.rb:26:in `call'
actionpack (7.0.3) lib/action_dispatch/middleware/executor.rb:14:in `call'
actionpack (7.0.3) lib/action_dispatch/middleware/actionable_exceptions.rb:17:in `call'
actionpack (7.0.3) lib/action_dispatch/middleware/debug_exceptions.rb:28:in `call'
web-console (4.2.0) lib/web_console/middleware.rb:132:in `call_app'
web-console (4.2.0) lib/web_console/middleware.rb:28:in `block in call'
web-console (4.2.0) lib/web_console/middleware.rb:17:in `catch'
web-console (4.2.0) lib/web_console/middleware.rb:17:in `call'
actionpack (7.0.3) lib/action_dispatch/middleware/show_exceptions.rb:26:in `call'
railties (7.0.3) lib/rails/rack/logger.rb:40:in `call_app'
railties (7.0.3) lib/rails/rack/logger.rb:25:in `block in call'
activesupport (7.0.3) lib/active_support/tagged_logging.rb:114:in `block in tagged'
activesupport (7.0.3) lib/active_support/tagged_logging.rb:38:in `tagged'
activesupport (7.0.3) lib/active_support/tagged_logging.rb:114:in `tagged'
railties (7.0.3) lib/rails/rack/logger.rb:25:in `call'
sprockets-rails (3.4.2) lib/sprockets/rails/quiet_assets.rb:13:in `call'
actionpack (7.0.3) lib/action_dispatch/middleware/remote_ip.rb:93:in `call'
actionpack (7.0.3) lib/action_dispatch/middleware/request_id.rb:26:in `call'
rack (2.2.3) lib/rack/method_override.rb:24:in `call'
rack (2.2.3) lib/rack/runtime.rb:22:in `call'
activesupport (7.0.3) lib/active_support/cache/strategy/local_cache_middleware.rb:29:in `call'
actionpack (7.0.3) lib/action_dispatch/middleware/server_timing.rb:20:in `call'
actionpack (7.0.3) lib/action_dispatch/middleware/executor.rb:14:in `call'
actionpack (7.0.3) lib/action_dispatch/middleware/static.rb:23:in `call'
rack (2.2.3) lib/rack/sendfile.rb:110:in `call'
actionpack (7.0.3) lib/action_dispatch/middleware/host_authorization.rb:137:in `call'
railties (7.0.3) lib/rails/engine.rb:530:in `call'
puma (5.6.4) lib/puma/configuration.rb:252:in `call'
puma (5.6.4) lib/puma/request.rb:77:in `block in handle_request'
puma (5.6.4) lib/puma/thread_pool.rb:340:in `with_force_shutdown'
puma (5.6.4) lib/puma/request.rb:76:in `handle_request'
puma (5.6.4) lib/puma/server.rb:441:in `process_client'
puma (5.6.4) lib/puma/thread_pool.rb:147:in `block in spawn_thread'
  [1m[35m (8.9ms)[0m  [1m[34mSELECT pg_try_advisory_lock(4486151361933069255)[0m
  [1m[36mActiveRecord::SchemaMigration Pluck (2.3ms)[0m  [1m[34mSELECT "schema_migrations"."version" FROM "schema_migrations" ORDER BY "schema_migrations"."version" ASC[0m
Migrating to CreateProducts (20220513021848)
  [1m[36mTRANSACTION (0.2ms)[0m  [1m[35mBEGIN[0m
  [1m[35m (171.3ms)[0m  [1m[35mCREATE TABLE "products" ("id" bigserial primary key, "name" character varying, "desciption" text, "price" integer, "cost" integer, "t_schedule" integer, "stock" integer, "img_url" character varying, "created_at" timestamp(6) NOT NULL, "updated_at" timestamp(6) NOT NULL)[0m
  [1m[36mActiveRecord::SchemaMigration Create (52.5ms)[0m  [1m[32mINSERT INTO "schema_migrations" ("version") VALUES ($1) RETURNING "version"[0m  [["version", "20220513021848"]]
  [1m[36mTRANSACTION (11.1ms)[0m  [1m[35mCOMMIT[0m
  [1m[36mActiveRecord::InternalMetadata Load (2.1ms)[0m  [1m[34mSELECT "ar_internal_metadata".* FROM "ar_internal_metadata" WHERE "ar_internal_metadata"."key" = $1 LIMIT $2[0m  [["key", "environment"], ["LIMIT", 1]]
  [1m[36mTRANSACTION (0.2ms)[0m  [1m[35mBEGIN[0m
  [1m[36mActiveRecord::InternalMetadata Create (40.1ms)[0m  [1m[32mINSERT INTO "ar_internal_metadata" ("key", "value", "created_at", "updated_at") VALUES ($1, $2, $3, $4) RETURNING "key"[0m  [["key", "environment"], ["value", "development"], ["created_at", "2022-05-13 02:20:54.258000"], ["updated_at", "2022-05-13 02:20:54.258000"]]
  [1m[36mTRANSACTION (1.2ms)[0m  [1m[35mCOMMIT[0m
  [1m[35m (1.2ms)[0m  [1m[34mSELECT pg_advisory_unlock(4486151361933069255)[0m
  [1m[36mActiveRecord::SchemaMigration Pluck (6.4ms)[0m  [1m[34mSELECT "schema_migrations"."version" FROM "schema_migrations" ORDER BY "schema_migrations"."version" ASC[0m
Started GET "/" for ::1 at 2022-05-12 22:20:59 -0400
  [1m[36mActiveRecord::SchemaMigration Pluck (1.1ms)[0m  [1m[34mSELECT "schema_migrations"."version" FROM "schema_migrations" ORDER BY "schema_migrations"."version" ASC[0m
Processing by Rails::WelcomeController#index as HTML
  Rendering C:/Ruby30-x64/lib/ruby/gems/3.0.0/gems/railties-7.0.3/lib/rails/templates/rails/welcome/index.html.erb
  Rendered C:/Ruby30-x64/lib/ruby/gems/3.0.0/gems/railties-7.0.3/lib/rails/templates/rails/welcome/index.html.erb (Duration: 4.7ms | Allocations: 428)
Completed 200 OK in 67ms (Views: 8.9ms | ActiveRecord: 0.0ms | Allocations: 4576)


Started GET "/products" for ::1 at 2022-05-12 22:21:10 -0400
Processing by ProductsController#index as HTML
  Rendering layout layouts/application.html.erb
  Rendering products/index.html.erb within layouts/application
  [1m[36mProduct Load (2.5ms)[0m  [1m[34mSELECT "products".* FROM "products"[0m
  ↳ app/views/products/index.html.erb:6
  Rendered products/index.html.erb within layouts/application (Duration: 12.7ms | Allocations: 1515)
  Rendered layout layouts/application.html.erb (Duration: 2318.5ms | Allocations: 106425)
Completed 500 Internal Server Error in 2370ms (ActiveRecord: 2.5ms | Allocations: 108731)


  
ActionView::Template::Error (Missing partial shered/_header with {:locale=>[:en], :formats=>[:html], :variants=>[], :handlers=>[:raw, :erb, :html, :builder, :ruby, :jbuilder]}.

Searched in:
  * "C:/Users/AOppen/Documents/GitHub/Trabajo/Curso/rails/boz/app/views"
  * "C:/Ruby30-x64/lib/ruby/gems/3.0.0/gems/bootstrap4-kaminari-views-1.0.1/app/views"
  * "C:/Ruby30-x64/lib/ruby/gems/3.0.0/gems/kaminari-core-1.2.2/app/views"
  * "C:/Ruby30-x64/lib/ruby/gems/3.0.0/gems/actiontext-7.0.3/app/views"
  * "C:/Ruby30-x64/lib/ruby/gems/3.0.0/gems/actionmailbox-7.0.3/app/views"

Did you mean?  kaminari/next_page
               products/product
               kaminari/prev_page
               kaminari/gap
               kaminari/last_page
               kaminari/paginator):
    12: 
    13:   <body>
    14:     <header>
    15:       <%= render "shered/header" %>
    16:     </header>
    17:     <section class="container">
    18:       <%= yield %>
  
app/views/layouts/application.html.erb:15
Started GET "/products" for ::1 at 2022-05-12 22:22:00 -0400
Processing by ProductsController#index as HTML
  Rendering layout layouts/application.html.erb
  Rendering products/index.html.erb within layouts/application
  [1m[36mProduct Load (0.5ms)[0m  [1m[34mSELECT "products".* FROM "products"[0m
  ↳ app/views/products/index.html.erb:6
  Rendered products/index.html.erb within layouts/application (Duration: 6.2ms | Allocations: 1151)
  Rendered layout layouts/application.html.erb (Duration: 95.4ms | Allocations: 7595)
Completed 500 Internal Server Error in 119ms (ActiveRecord: 0.5ms | Allocations: 8785)


  
ActionView::Template::Error (Missing partial shered/_footer with {:locale=>[:en], :formats=>[:html], :variants=>[], :handlers=>[:raw, :erb, :html, :builder, :ruby, :jbuilder]}.

Searched in:
  * "C:/Users/AOppen/Documents/GitHub/Trabajo/Curso/rails/boz/app/views"
  * "C:/Ruby30-x64/lib/ruby/gems/3.0.0/gems/bootstrap4-kaminari-views-1.0.1/app/views"
  * "C:/Ruby30-x64/lib/ruby/gems/3.0.0/gems/kaminari-core-1.2.2/app/views"
  * "C:/Ruby30-x64/lib/ruby/gems/3.0.0/gems/actiontext-7.0.3/app/views"
  * "C:/Ruby30-x64/lib/ruby/gems/3.0.0/gems/actionmailbox-7.0.3/app/views"

Did you mean?  products/form
               layouts/action_text/contents/content
               products/product
               active_storage/blobs/blob
               action_text/contents/content
               kaminari/last_page):
    17:       <%= yield %>
    18:     </section>
    19:     <footer>
    20:       <%= render "shered/footer" %>
    21:     </footer>
    22:     <script src="https://cdn.jsdelivr.net/npm/bootstrap@5.1.3/dist/js/bootstrap.bundle.min.js" integrity="sha384-ka7Sk0Gln4gmtz2MlQnikT1wXgYsOg+OMhuP+IlRH9sENBO0LRn5q+8nbTov4+1p" crossorigin="anonymous"></script>
    23:   </body>
  
app/views/layouts/application.html.erb:20
Started GET "/products" for ::1 at 2022-05-12 22:23:30 -0400
Processing by ProductsController#index as HTML
  Rendering layout layouts/application.html.erb
  Rendering products/index.html.erb within layouts/application
  [1m[36mProduct Load (0.7ms)[0m  [1m[34mSELECT "products".* FROM "products"[0m
  ↳ app/views/products/index.html.erb:6
  Rendered products/index.html.erb within layouts/application (Duration: 7.0ms | Allocations: 1159)
  Rendered layout layouts/application.html.erb (Duration: 31.9ms | Allocations: 8202)
Completed 500 Internal Server Error in 56ms (ActiveRecord: 0.7ms | Allocations: 9409)


  
ActionView::Template::Error (undefined local variable or method `shered' for #<ActionView::Base:0x0000000000d110>):
    17:       <%= yield %>
    18:     </section>
    19:     <footer>
    20:       <%= render shered/footer%>
    21:     </footer>
    22:     <script src="https://cdn.jsdelivr.net/npm/bootstrap@5.1.3/dist/js/bootstrap.bundle.min.js" integrity="sha384-ka7Sk0Gln4gmtz2MlQnikT1wXgYsOg+OMhuP+IlRH9sENBO0LRn5q+8nbTov4+1p" crossorigin="anonymous"></script>
    23:   </body>
  
app/views/layouts/application.html.erb:20
Started GET "/products" for ::1 at 2022-05-12 22:23:48 -0400
Processing by ProductsController#index as HTML
  Rendering layout layouts/application.html.erb
  Rendering products/index.html.erb within layouts/application
  [1m[36mProduct Load (0.4ms)[0m  [1m[34mSELECT "products".* FROM "products"[0m
  ↳ app/views/products/index.html.erb:6
  Rendered products/index.html.erb within layouts/application (Duration: 7.0ms | Allocations: 1151)
  Rendered layout layouts/application.html.erb (Duration: 34.3ms | Allocations: 8141)
Completed 500 Internal Server Error in 62ms (ActiveRecord: 0.4ms | Allocations: 9332)


  
ActionView::Template::Error (undefined local variable or method `footer' for #<ActionView::Base:0x0000000000d480>):
    17:       <%= yield %>
    18:     </section>
    19:     <footer>
    20:       <%= render footer%>
    21:     </footer>
    22:     <script src="https://cdn.jsdelivr.net/npm/bootstrap@5.1.3/dist/js/bootstrap.bundle.min.js" integrity="sha384-ka7Sk0Gln4gmtz2MlQnikT1wXgYsOg+OMhuP+IlRH9sENBO0LRn5q+8nbTov4+1p" crossorigin="anonymous"></script>
    23:   </body>
  
app/views/layouts/application.html.erb:20
Started GET "/products" for ::1 at 2022-05-12 22:24:02 -0400
Processing by ProductsController#index as HTML
  Rendering layout layouts/application.html.erb
  Rendering products/index.html.erb within layouts/application
  [1m[36mProduct Load (0.4ms)[0m  [1m[34mSELECT "products".* FROM "products"[0m
  ↳ app/views/products/index.html.erb:6
  Rendered products/index.html.erb within layouts/application (Duration: 7.9ms | Allocations: 1151)
  Rendered layout layouts/application.html.erb (Duration: 24.9ms | Allocations: 3945)
Completed 200 OK in 49ms (Views: 40.2ms | ActiveRecord: 0.4ms | Allocations: 5177)


Started GET "/products/new" for ::1 at 2022-05-12 22:24:15 -0400
Processing by ProductsController#new as HTML
  Rendering layout layouts/application.html.erb
  Rendering products/new.html.erb within layouts/application
  Rendered products/_form.html.erb (Duration: 19986.9ms | Allocations: 967212)
  Rendered products/new.html.erb within layouts/application (Duration: 19991.7ms | Allocations: 967584)
  Rendered layout layouts/application.html.erb (Duration: 20005.9ms | Allocations: 970020)
Completed 200 OK in 20202ms (Views: 20007.9ms | ActiveRecord: 8.5ms | Allocations: 983147)


Started GET "/products/new" for ::1 at 2022-05-12 22:25:24 -0400
Processing by ProductsController#new as HTML
  Rendering layout layouts/application.html.erb
  Rendering products/new.html.erb within layouts/application
  Rendered products/_form.html.erb (Duration: 6.3ms | Allocations: 2961)
  Rendered products/new.html.erb within layouts/application (Duration: 12.0ms | Allocations: 3342)
  Rendered layout layouts/application.html.erb (Duration: 104.4ms | Allocations: 9723)
Completed 500 Internal Server Error in 129ms (ActiveRecord: 0.0ms | Allocations: 10944)


  
ActionView::Template::Error (Missing partial shered/_footer with {:locale=>[:en], :formats=>[:html], :variants=>[], :handlers=>[:raw, :erb, :html, :builder, :ruby, :jbuilder]}.

Searched in:
  * "C:/Users/AOppen/Documents/GitHub/Trabajo/Curso/rails/boz/app/views"
  * "C:/Ruby30-x64/lib/ruby/gems/3.0.0/gems/bootstrap4-kaminari-views-1.0.1/app/views"
  * "C:/Ruby30-x64/lib/ruby/gems/3.0.0/gems/kaminari-core-1.2.2/app/views"
  * "C:/Ruby30-x64/lib/ruby/gems/3.0.0/gems/actiontext-7.0.3/app/views"
  * "C:/Ruby30-x64/lib/ruby/gems/3.0.0/gems/actionmailbox-7.0.3/app/views"

Did you mean?  products/form
               layouts/action_text/contents/content
               products/product
               active_storage/blobs/blob
               action_text/contents/content
               kaminari/last_page):
    17:       <%= yield %>
    18:     </section>
    19:     <footer>
    20:       <%= render "shered/footer"%>
    21:     </footer>
    22:     <script src="https://cdn.jsdelivr.net/npm/bootstrap@5.1.3/dist/js/bootstrap.bundle.min.js" integrity="sha384-ka7Sk0Gln4gmtz2MlQnikT1wXgYsOg+OMhuP+IlRH9sENBO0LRn5q+8nbTov4+1p" crossorigin="anonymous"></script>
    23:   </body>
  
app/views/layouts/application.html.erb:20
Started GET "/products/new" for ::1 at 2022-05-12 22:26:27 -0400
Processing by ProductsController#new as HTML
  Rendering layout layouts/application.html.erb
  Rendering products/new.html.erb within layouts/application
  Rendered products/_form.html.erb (Duration: 8.1ms | Allocations: 2961)
  Rendered products/new.html.erb within layouts/application (Duration: 14.4ms | Allocations: 3337)
  Rendered layout layouts/application.html.erb (Duration: 108.9ms | Allocations: 9710)
Completed 500 Internal Server Error in 131ms (ActiveRecord: 0.0ms | Allocations: 10897)


  
ActionView::Template::Error (Missing partial shered/_footer with {:locale=>[:en], :formats=>[:html], :variants=>[], :handlers=>[:raw, :erb, :html, :builder, :ruby, :jbuilder]}.

Searched in:
  * "C:/Users/AOppen/Documents/GitHub/Trabajo/Curso/rails/boz/app/views"
  * "C:/Ruby30-x64/lib/ruby/gems/3.0.0/gems/bootstrap4-kaminari-views-1.0.1/app/views"
  * "C:/Ruby30-x64/lib/ruby/gems/3.0.0/gems/kaminari-core-1.2.2/app/views"
  * "C:/Ruby30-x64/lib/ruby/gems/3.0.0/gems/actiontext-7.0.3/app/views"
  * "C:/Ruby30-x64/lib/ruby/gems/3.0.0/gems/actionmailbox-7.0.3/app/views"

Did you mean?  products/form
               layouts/action_text/contents/content
               products/product
               active_storage/blobs/blob
               action_text/contents/content
               kaminari/last_page):
    17:       <%= yield %>
    18:     </section>
    19:     <footer>
    20:       <%= render 'shered/footer'%>
    21:     </footer>
    22:     <script src="https://cdn.jsdelivr.net/npm/bootstrap@5.1.3/dist/js/bootstrap.bundle.min.js" integrity="sha384-ka7Sk0Gln4gmtz2MlQnikT1wXgYsOg+OMhuP+IlRH9sENBO0LRn5q+8nbTov4+1p" crossorigin="anonymous"></script>
    23:   </body>
  
app/views/layouts/application.html.erb:20
Started GET "/products/new" for ::1 at 2022-05-12 22:26:41 -0400
Processing by ProductsController#new as HTML
  Rendering layout layouts/application.html.erb
  Rendering products/new.html.erb within layouts/application
  Rendered products/_form.html.erb (Duration: 6.1ms | Allocations: 2961)
  Rendered products/new.html.erb within layouts/application (Duration: 10.6ms | Allocations: 3337)
  Rendered layout layouts/application.html.erb (Duration: 27.6ms | Allocations: 6084)
Completed 200 OK in 52ms (Views: 42.2ms | ActiveRecord: 0.0ms | Allocations: 7309)


Started GET "/products/new" for ::1 at 2022-05-12 22:29:01 -0400
Processing by ProductsController#new as HTML
  Rendering layout layouts/application.html.erb
  Rendering products/new.html.erb within layouts/application
  Rendered products/_form.html.erb (Duration: 2.8ms | Allocations: 1652)
  Rendered products/new.html.erb within layouts/application (Duration: 10.9ms | Allocations: 1993)
  Rendered layout layouts/application.html.erb (Duration: 13.5ms | Allocations: 2082)
Completed 500 Internal Server Error in 38ms (ActiveRecord: 0.0ms | Allocations: 3280)


  
ActionView::SyntaxErrorInTemplate (Encountered a syntax error while rendering template: check <%= form_with(model: product) do |form| %>
  <% if product.errors.any? %>
    <div style="color: red">
      <h2><%= pluralize(product.errors.count, "error") %> prohibited this product from being saved:</h2>

      <ul>
        <% product.errors.each do |error| %>
          <li><%= error.full_message %></li>
        <% end %>
      </ul>
    </div>
  <% end %>

  <div>
    <%= form.label :name, style: "display: block" %>
    <%= form.text_field :name %>
  </div>

  <div>
    <%= form.label :desciption, style: "display: block" %>
    <%= form.text_area :desciption %>
  </div>

  <div>
    <%= form.label :price, style: "display: block" %>
    <%= form.number_field :price %>
  </div>

  <div>
    <%= form.label :cost, style: "display: block" %>
    <%= form.number_field :cost %>
  </div>

  <div>
    <%= form.label :t_schedule, style: "display: block" %>
    <%= form.number_field :t_schedule %>
  </div>

  <div>
    <%= form.label :stock, style: "display: block" %>
    <%= form.number_field :stock %>
  </div>

  <div>
    <%= form.label :img_url, style: "display: block" %>
    <%= form.text_field :img_url %>
  </div>

  <div>
    <%= form.submit, class:"btn btn-boz"%>
  </div>
<% end %>

):
1:    <%= form_with(model: product) do |form| %>
2:      <% if product.errors.any? %>
3:        <div style="color: red">
4:          <h2><%= pluralize(product.errors.count, "error") %> prohibited this product from being saved:</h2>
5:    
6:          <ul>
7:            <% product.errors.each do |error| %>
8:              <li><%= error.full_message %></li>
9:            <% end %>
10:          </ul>
11:        </div>
12:      <% end %>
13:    
14:      <div>
15:        <%= form.label :name, style: "display: block" %>
16:        <%= form.text_field :name %>
17:      </div>
18:    
19:      <div>
20:        <%= form.label :desciption, style: "display: block" %>
21:        <%= form.text_area :desciption %>
22:      </div>
23:    
24:      <div>
25:        <%= form.label :price, style: "display: block" %>
26:        <%= form.number_field :price %>
27:      </div>
28:    
29:      <div>
30:        <%= form.label :cost, style: "display: block" %>
31:        <%= form.number_field :cost %>
32:      </div>
33:    
34:      <div>
35:        <%= form.label :t_schedule, style: "display: block" %>
36:        <%= form.number_field :t_schedule %>
37:      </div>
38:    
39:      <div>
40:        <%= form.label :stock, style: "display: block" %>
41:        <%= form.number_field :stock %>
42:      </div>
43:    
44:      <div>
45:        <%= form.label :img_url, style: "display: block" %>
46:        <%= form.text_field :img_url %>
47:      </div>
48:    
49:      <div>
50:        <%= form.submit, class:"btn btn-boz"%>
51:      </div>
52:    <% end %>
  
app/views/products/_form.html.erb:50: syntax error, unexpected label, expecting '='
app/views/products/_form.html.erb:50: syntax error, unexpected label, expecting '='
app/views/products/_form.html.erb:50: syntax error, unexpected label, expecting '='
app/views/products/_form.html.erb:50: syntax error, unexpected label, expecting '='
app/views/products/_form.html.erb:50: syntax error, unexpected label, expecting '='
app/views/products/_form.html.erb:50: syntax error, unexpected label, expecting '='
app/views/products/new.html.erb:3
Started GET "/products/new" for ::1 at 2022-05-12 22:29:52 -0400
Processing by ProductsController#new as HTML
  Rendering layout layouts/application.html.erb
  Rendering products/new.html.erb within layouts/application
  Rendered products/_form.html.erb (Duration: 1.7ms | Allocations: 1639)
  Rendered products/new.html.erb within layouts/application (Duration: 6.7ms | Allocations: 1980)
  Rendered layout layouts/application.html.erb (Duration: 8.3ms | Allocations: 2069)
Completed 500 Internal Server Error in 34ms (ActiveRecord: 0.0ms | Allocations: 3257)


  
ActionView::SyntaxErrorInTemplate (Encountered a syntax error while rendering template: check <%= form_with(model: product) do |form| %>
  <% if product.errors.any? %>
    <div style="color: red">
      <h2><%= pluralize(product.errors.count, "error") %> prohibited this product from being saved:</h2>

      <ul>
        <% product.errors.each do |error| %>
          <li><%= error.full_message %></li>
        <% end %>
      </ul>
    </div>
  <% end %>

  <div>
    <%= form.label :name, style: "display: block" %>
    <%= form.text_field :name %>
  </div>

  <div>
    <%= form.label :desciption, style: "display: block" %>
    <%= form.text_area :desciption %>
  </div>

  <div>
    <%= form.label :price, style: "display: block" %>
    <%= form.number_field :price %>
  </div>

  <div>
    <%= form.label :cost, style: "display: block" %>
    <%= form.number_field :cost %>
  </div>

  <div>
    <%= form.label :t_schedule, style: "display: block" %>
    <%= form.number_field :t_schedule %>
  </div>

  <div>
    <%= form.label :stock, style: "display: block" %>
    <%= form.number_field :stock %>
  </div>

  <div>
    <%= form.label :img_url, style: "display: block" %>
    <%= form.text_field :img_url %>
  </div>

  <div>
    <%= form.submit, class: "btn btn-boz"%>
  </div>
<% end %>

):
1:    <%= form_with(model: product) do |form| %>
2:      <% if product.errors.any? %>
3:        <div style="color: red">
4:          <h2><%= pluralize(product.errors.count, "error") %> prohibited this product from being saved:</h2>
5:    
6:          <ul>
7:            <% product.errors.each do |error| %>
8:              <li><%= error.full_message %></li>
9:            <% end %>
10:          </ul>
11:        </div>
12:      <% end %>
13:    
14:      <div>
15:        <%= form.label :name, style: "display: block" %>
16:        <%= form.text_field :name %>
17:      </div>
18:    
19:      <div>
20:        <%= form.label :desciption, style: "display: block" %>
21:        <%= form.text_area :desciption %>
22:      </div>
23:    
24:      <div>
25:        <%= form.label :price, style: "display: block" %>
26:        <%= form.number_field :price %>
27:      </div>
28:    
29:      <div>
30:        <%= form.label :cost, style: "display: block" %>
31:        <%= form.number_field :cost %>
32:      </div>
33:    
34:      <div>
35:        <%= form.label :t_schedule, style: "display: block" %>
36:        <%= form.number_field :t_schedule %>
37:      </div>
38:    
39:      <div>
40:        <%= form.label :stock, style: "display: block" %>
41:        <%= form.number_field :stock %>
42:      </div>
43:    
44:      <div>
45:        <%= form.label :img_url, style: "display: block" %>
46:        <%= form.text_field :img_url %>
47:      </div>
48:    
49:      <div>
50:        <%= form.submit, class: "btn btn-boz"%>
51:      </div>
52:    <% end %>
  
app/views/products/_form.html.erb:50: syntax error, unexpected label, expecting '='
app/views/products/_form.html.erb:50: syntax error, unexpected label, expecting '='
app/views/products/_form.html.erb:50: syntax error, unexpected label, expecting '='
app/views/products/_form.html.erb:50: syntax error, unexpected label, expecting '='
app/views/products/_form.html.erb:50: syntax error, unexpected label, expecting '='
app/views/products/_form.html.erb:50: syntax error, unexpected label, expecting '='
app/views/products/new.html.erb:3
Started GET "/products/new" for ::1 at 2022-05-12 22:30:24 -0400
Processing by ProductsController#new as HTML
  Rendering layout layouts/application.html.erb
  Rendering products/new.html.erb within layouts/application
  Rendered products/_form.html.erb (Duration: 8.9ms | Allocations: 2976)
  Rendered products/new.html.erb within layouts/application (Duration: 13.8ms | Allocations: 3352)
  Rendered layout layouts/application.html.erb (Duration: 33.4ms | Allocations: 6099)
Completed 200 OK in 57ms (Views: 49.4ms | ActiveRecord: 0.0ms | Allocations: 7324)


Started POST "/products" for ::1 at 2022-05-12 22:30:28 -0400
Processing by ProductsController#create as TURBO_STREAM
  Parameters: {"authenticity_token"=>"[FILTERED]", "product"=>{"name"=>"", "desciption"=>"", "price"=>"", "cost"=>"", "t_schedule"=>"0", "stock"=>"", "img_url"=>""}, "commit"=>"Create Product"}
  [1m[36mTRANSACTION (0.2ms)[0m  [1m[35mBEGIN[0m
  ↳ app/controllers/products_controller.rb:27:in `block in create'
  [1m[36mProduct Create (13.8ms)[0m  [1m[32mINSERT INTO "products" ("name", "desciption", "price", "cost", "t_schedule", "stock", "img_url", "created_at", "updated_at") VALUES ($1, $2, $3, $4, $5, $6, $7, $8, $9) RETURNING "id"[0m  [["name", ""], ["desciption", ""], ["price", nil], ["cost", nil], ["t_schedule", 0], ["stock", nil], ["img_url", ""], ["created_at", "2022-05-13 02:30:28.688657"], ["updated_at", "2022-05-13 02:30:28.688657"]]
  ↳ app/controllers/products_controller.rb:27:in `block in create'
  [1m[36mTRANSACTION (0.7ms)[0m  [1m[35mCOMMIT[0m
  ↳ app/controllers/products_controller.rb:27:in `block in create'
Redirected to http://[::1]:3000/products/1
Completed 302 Found in 36ms (ActiveRecord: 14.8ms | Allocations: 4014)


Started GET "/products/1" for ::1 at 2022-05-12 22:30:28 -0400
Processing by ProductsController#show as TURBO_STREAM
  Parameters: {"id"=>"1"}
  [1m[36mProduct Load (0.4ms)[0m  [1m[34mSELECT "products".* FROM "products" WHERE "products"."id" = $1 LIMIT $2[0m  [["id", 1], ["LIMIT", 1]]
  ↳ app/controllers/products_controller.rb:63:in `set_product'
  Rendering layout layouts/application.html.erb
  Rendering products/show.html.erb within layouts/application
  Rendered products/_product.html.erb (Duration: 1.4ms | Allocations: 393)
  Rendered products/show.html.erb within layouts/application (Duration: 19.7ms | Allocations: 1927)
  Rendered layout layouts/application.html.erb (Duration: 32.9ms | Allocations: 4332)
Completed 200 OK in 52ms (Views: 35.0ms | ActiveRecord: 0.7ms | Allocations: 7572)


Started GET "/products/1/edit" for ::1 at 2022-05-12 22:30:36 -0400
Processing by ProductsController#edit as HTML
  Parameters: {"id"=>"1"}
  [1m[36mProduct Load (0.4ms)[0m  [1m[34mSELECT "products".* FROM "products" WHERE "products"."id" = $1 LIMIT $2[0m  [["id", 1], ["LIMIT", 1]]
  ↳ app/controllers/products_controller.rb:63:in `set_product'
  Rendering layout layouts/application.html.erb
  Rendering products/edit.html.erb within layouts/application
  Rendered products/_form.html.erb (Duration: 4.1ms | Allocations: 2415)
  Rendered products/edit.html.erb within layouts/application (Duration: 7.0ms | Allocations: 2767)
  Rendered layout layouts/application.html.erb (Duration: 20.1ms | Allocations: 5065)
Completed 200 OK in 33ms (Views: 21.8ms | ActiveRecord: 0.4ms | Allocations: 6121)


Started GET "/products/1/edit" for ::1 at 2022-05-12 22:34:33 -0400
Processing by ProductsController#edit as HTML
  Parameters: {"id"=>"1"}
  [1m[36mProduct Load (0.5ms)[0m  [1m[34mSELECT "products".* FROM "products" WHERE "products"."id" = $1 LIMIT $2[0m  [["id", 1], ["LIMIT", 1]]
  ↳ app/controllers/products_controller.rb:63:in `set_product'
  Rendering layout layouts/application.html.erb
  Rendering products/edit.html.erb within layouts/application
  Rendered products/_form.html.erb (Duration: 7.1ms | Allocations: 3055)
  Rendered products/edit.html.erb within layouts/application (Duration: 12.6ms | Allocations: 3523)
  Rendered layout layouts/application.html.erb (Duration: 29.5ms | Allocations: 6246)
Completed 200 OK in 69ms (Views: 52.8ms | ActiveRecord: 0.5ms | Allocations: 7981)


Started GET "/products/1" for ::1 at 2022-05-12 22:34:37 -0400
Processing by ProductsController#show as HTML
  Parameters: {"id"=>"1"}
  [1m[36mProduct Load (0.3ms)[0m  [1m[34mSELECT "products".* FROM "products" WHERE "products"."id" = $1 LIMIT $2[0m  [["id", 1], ["LIMIT", 1]]
  ↳ app/controllers/products_controller.rb:63:in `set_product'
  Rendering layout layouts/application.html.erb
  Rendering products/show.html.erb within layouts/application
  Rendered products/_product.html.erb (Duration: 1.6ms | Allocations: 326)
  Rendered products/show.html.erb within layouts/application (Duration: 8.0ms | Allocations: 1220)
  Rendered layout layouts/application.html.erb (Duration: 21.5ms | Allocations: 3517)
Completed 200 OK in 34ms (Views: 23.0ms | ActiveRecord: 0.3ms | Allocations: 4582)


Started GET "/products" for ::1 at 2022-05-12 22:34:40 -0400
Processing by ProductsController#index as HTML
  Rendering layout layouts/application.html.erb
  Rendering products/index.html.erb within layouts/application
  [1m[36mProduct Load (0.4ms)[0m  [1m[34mSELECT "products".* FROM "products"[0m
  ↳ app/views/products/index.html.erb:6
  Rendered products/_product.html.erb (Duration: 0.2ms | Allocations: 30)
  Rendered products/index.html.erb within layouts/application (Duration: 7.3ms | Allocations: 1266)
  Rendered layout layouts/application.html.erb (Duration: 21.0ms | Allocations: 3584)
Completed 200 OK in 31ms (Views: 22.2ms | ActiveRecord: 0.4ms | Allocations: 4030)


Started GET "/products" for ::1 at 2022-05-12 22:35:54 -0400
Processing by ProductsController#index as HTML
  Rendering layout layouts/application.html.erb
  Rendering products/index.html.erb within layouts/application
  [1m[36mProduct Load (0.4ms)[0m  [1m[34mSELECT "products".* FROM "products"[0m
  ↳ app/views/products/index.html.erb:6
  Rendered products/_product.html.erb (Duration: 1.7ms | Allocations: 332)
  Rendered products/index.html.erb within layouts/application (Duration: 12.3ms | Allocations: 1913)
  Rendered layout layouts/application.html.erb (Duration: 30.1ms | Allocations: 4676)
Completed 200 OK in 55ms (Views: 44.7ms | ActiveRecord: 0.4ms | Allocations: 5890)


Started GET "/products/1" for ::1 at 2022-05-12 22:35:58 -0400
Processing by ProductsController#show as HTML
  Parameters: {"id"=>"1"}
  [1m[36mProduct Load (0.4ms)[0m  [1m[34mSELECT "products".* FROM "products" WHERE "products"."id" = $1 LIMIT $2[0m  [["id", 1], ["LIMIT", 1]]
  ↳ app/controllers/products_controller.rb:63:in `set_product'
  Rendering layout layouts/application.html.erb
  Rendering products/show.html.erb within layouts/application
  Rendered products/_product.html.erb (Duration: 0.2ms | Allocations: 30)
  Rendered products/show.html.erb within layouts/application (Duration: 4.3ms | Allocations: 911)
  Rendered layout layouts/application.html.erb (Duration: 18.0ms | Allocations: 3208)
Completed 200 OK in 32ms (Views: 19.7ms | ActiveRecord: 0.4ms | Allocations: 4236)


Started GET "/products/1" for ::1 at 2022-05-12 22:36:25 -0400
Processing by ProductsController#show as HTML
  Parameters: {"id"=>"1"}
  [1m[36mProduct Load (0.4ms)[0m  [1m[34mSELECT "products".* FROM "products" WHERE "products"."id" = $1 LIMIT $2[0m  [["id", 1], ["LIMIT", 1]]
  ↳ app/controllers/products_controller.rb:63:in `set_product'
  Rendering layout layouts/application.html.erb
  Rendering products/show.html.erb within layouts/application
  Rendered products/_product.html.erb (Duration: 1.4ms | Allocations: 332)
  Rendered products/show.html.erb within layouts/application (Duration: 10.3ms | Allocations: 1463)
  Rendered layout layouts/application.html.erb (Duration: 27.9ms | Allocations: 4185)
Completed 200 OK in 55ms (Views: 43.5ms | ActiveRecord: 0.4ms | Allocations: 5945)


Started GET "/products/1" for ::1 at 2022-05-12 22:40:04 -0400
Processing by ProductsController#show as HTML
  Parameters: {"id"=>"1"}
  [1m[36mProduct Load (0.5ms)[0m  [1m[34mSELECT "products".* FROM "products" WHERE "products"."id" = $1 LIMIT $2[0m  [["id", 1], ["LIMIT", 1]]
  ↳ app/controllers/products_controller.rb:63:in `set_product'
  Rendering layout layouts/application.html.erb
  Rendering products/show.html.erb within layouts/application
  Rendered products/_product.html.erb (Duration: 0.2ms | Allocations: 30)
  Rendered products/show.html.erb within layouts/application (Duration: 3.5ms | Allocations: 666)
  Rendered layout layouts/application.html.erb (Duration: 80.3ms | Allocations: 5641)
Completed 200 OK in 95ms (Views: 82.2ms | ActiveRecord: 0.5ms | Allocations: 6628)


Started GET "/products/1" for ::1 at 2022-05-12 22:41:28 -0400
Processing by ProductsController#show as HTML
  Parameters: {"id"=>"1"}
  [1m[36mProduct Load (0.2ms)[0m  [1m[34mSELECT "products".* FROM "products" WHERE "products"."id" = $1 LIMIT $2[0m  [["id", 1], ["LIMIT", 1]]
  ↳ app/controllers/products_controller.rb:63:in `set_product'
  Rendering layout layouts/application.html.erb
  Rendering products/show.html.erb within layouts/application
  Rendered products/_product.html.erb (Duration: 1.3ms | Allocations: 332)
  Rendered products/show.html.erb within layouts/application (Duration: 10.4ms | Allocations: 1440)
  Rendered layout layouts/application.html.erb (Duration: 26.4ms | Allocations: 4162)
Completed 200 OK in 55ms (Views: 42.1ms | ActiveRecord: 0.2ms | Allocations: 5922)


Started GET "/products" for ::1 at 2022-05-12 22:41:30 -0400
Processing by ProductsController#index as HTML
  Rendering layout layouts/application.html.erb
  Rendering products/index.html.erb within layouts/application
  [1m[36mProduct Load (0.6ms)[0m  [1m[34mSELECT "products".* FROM "products"[0m
  ↳ app/views/products/index.html.erb:6
  Rendered products/_product.html.erb (Duration: 0.1ms | Allocations: 30)
  Rendered products/index.html.erb within layouts/application (Duration: 7.9ms | Allocations: 1323)
  Rendered layout layouts/application.html.erb (Duration: 20.5ms | Allocations: 3642)
Completed 200 OK in 30ms (Views: 21.6ms | ActiveRecord: 0.6ms | Allocations: 4107)


Started GET "/products/1" for ::1 at 2022-05-12 22:41:36 -0400
Processing by ProductsController#show as HTML
  Parameters: {"id"=>"1"}
  [1m[36mProduct Load (0.3ms)[0m  [1m[34mSELECT "products".* FROM "products" WHERE "products"."id" = $1 LIMIT $2[0m  [["id", 1], ["LIMIT", 1]]
  ↳ app/controllers/products_controller.rb:63:in `set_product'
  Rendering layout layouts/application.html.erb
  Rendering products/show.html.erb within layouts/application
  Rendered products/_product.html.erb (Duration: 0.2ms | Allocations: 30)
  Rendered products/show.html.erb within layouts/application (Duration: 3.0ms | Allocations: 638)
  Rendered layout layouts/application.html.erb (Duration: 21.5ms | Allocations: 2937)
Completed 200 OK in 32ms (Views: 23.6ms | ActiveRecord: 0.3ms | Allocations: 3869)


Started GET "/products" for ::1 at 2022-05-12 22:41:38 -0400
Processing by ProductsController#index as HTML
  Rendering layout layouts/application.html.erb
  Rendering products/index.html.erb within layouts/application
  [1m[36mProduct Load (0.4ms)[0m  [1m[34mSELECT "products".* FROM "products"[0m
  ↳ app/views/products/index.html.erb:6
  Rendered products/_product.html.erb (Duration: 0.2ms | Allocations: 30)
  Rendered products/index.html.erb within layouts/application (Duration: 5.5ms | Allocations: 1034)
  Rendered layout layouts/application.html.erb (Duration: 19.4ms | Allocations: 3352)
Completed 200 OK in 27ms (Views: 20.7ms | ActiveRecord: 0.4ms | Allocations: 3719)


Started GET "/products/new" for ::1 at 2022-05-12 22:41:39 -0400
Processing by ProductsController#new as HTML
  Rendering layout layouts/application.html.erb
  Rendering products/new.html.erb within layouts/application
  Rendered products/_form.html.erb (Duration: 6.2ms | Allocations: 2838)
  Rendered products/new.html.erb within layouts/application (Duration: 11.9ms | Allocations: 3173)
  Rendered layout layouts/application.html.erb (Duration: 25.9ms | Allocations: 5478)
Completed 200 OK in 36ms (Views: 27.3ms | ActiveRecord: 0.0ms | Allocations: 5909)


Started GET "/products/new" for ::1 at 2022-05-12 22:43:08 -0400
Processing by ProductsController#new as HTML
  Rendering layout layouts/application.html.erb
  Rendering products/new.html.erb within layouts/application
  Rendered products/_form.html.erb (Duration: 3.3ms | Allocations: 1639)
  Rendered products/new.html.erb within layouts/application (Duration: 8.9ms | Allocations: 1983)
  Rendered layout layouts/application.html.erb (Duration: 10.1ms | Allocations: 2072)
Completed 500 Internal Server Error in 33ms (ActiveRecord: 0.0ms | Allocations: 3241)


  
ActionView::SyntaxErrorInTemplate (Encountered a syntax error while rendering template: check <%= form_with(model: product) do |form| %>
  <% if product.errors.any? %>
    <div style="color: red">
      <h2><%= pluralize(product.errors.count, "error") %> prohibited this product from being saved:</h2>

      <ul>
        <% product.errors.each do |error| %>
          <li><%= error.full_message %></li>
        <% end %>
      </ul>
    </div>
  <% end %>

  <div>
    <%= form.label :name, style: "display: block" %>
    <%= form.text_field :name %>
  </div>

  <div>
    <%= form.label :desciption, style: "display: block" %>
    <%= form.text_area :desciption %>
  </div>

  <div>
    <%= form.label :price, style: "display: block" %>
    <%= form.number_field :price %>
  </div>

  <div>
    <%= form.label :cost, style: "display: block" %>
    <%= form.number_field :cost %>
  </div>

  <div>
    <%= form.label :t_schedule, style: "display: block" %>
    <%= form.number_field :t_schedule %>
  </div>

  <div>
    <%= form.label :stock, style: "display: block" %>
    <%= form.number_field :stock %>
  </div>

  <div>
    <%= form.label :img_url, style: "display: block" %>
    <%= form.text_field :img_url %>
  </div>

  <div>
    <%= form.submit, class:"btn btn-boz"%>
  </div>
<% end %>

):
1:    <%= form_with(model: product) do |form| %>
2:      <% if product.errors.any? %>
3:        <div style="color: red">
4:          <h2><%= pluralize(product.errors.count, "error") %> prohibited this product from being saved:</h2>
5:    
6:          <ul>
7:            <% product.errors.each do |error| %>
8:              <li><%= error.full_message %></li>
9:            <% end %>
10:          </ul>
11:        </div>
12:      <% end %>
13:    
14:      <div>
15:        <%= form.label :name, style: "display: block" %>
16:        <%= form.text_field :name %>
17:      </div>
18:    
19:      <div>
20:        <%= form.label :desciption, style: "display: block" %>
21:        <%= form.text_area :desciption %>
22:      </div>
23:    
24:      <div>
25:        <%= form.label :price, style: "display: block" %>
26:        <%= form.number_field :price %>
27:      </div>
28:    
29:      <div>
30:        <%= form.label :cost, style: "display: block" %>
31:        <%= form.number_field :cost %>
32:      </div>
33:    
34:      <div>
35:        <%= form.label :t_schedule, style: "display: block" %>
36:        <%= form.number_field :t_schedule %>
37:      </div>
38:    
39:      <div>
40:        <%= form.label :stock, style: "display: block" %>
41:        <%= form.number_field :stock %>
42:      </div>
43:    
44:      <div>
45:        <%= form.label :img_url, style: "display: block" %>
46:        <%= form.text_field :img_url %>
47:      </div>
48:    
49:      <div>
50:        <%= form.submit, class:"btn btn-boz"%>
51:      </div>
52:    <% end %>
  
app/views/products/_form.html.erb:50: syntax error, unexpected label, expecting '='
app/views/products/_form.html.erb:50: syntax error, unexpected label, expecting '='
app/views/products/_form.html.erb:50: syntax error, unexpected label, expecting '='
app/views/products/_form.html.erb:50: syntax error, unexpected label, expecting '='
app/views/products/_form.html.erb:50: syntax error, unexpected label, expecting '='
app/views/products/_form.html.erb:50: syntax error, unexpected label, expecting '='
app/views/products/new.html.erb:3
Started GET "/products" for ::1 at 2022-05-12 22:43:31 -0400
Processing by ProductsController#index as HTML
  Rendering layout layouts/application.html.erb
  Rendering products/index.html.erb within layouts/application
  [1m[36mProduct Load (0.4ms)[0m  [1m[34mSELECT "products".* FROM "products"[0m
  ↳ app/views/products/index.html.erb:6
  Rendered products/_product.html.erb (Duration: 2.0ms | Allocations: 332)
  Rendered products/index.html.erb within layouts/application (Duration: 14.9ms | Allocations: 1909)
  Rendered layout layouts/application.html.erb (Duration: 36.7ms | Allocations: 4683)
Completed 200 OK in 62ms (Views: 52.4ms | ActiveRecord: 0.4ms | Allocations: 5912)


